-------------------------> DEBUG PID: 10812 (v2.8.1)
====================================================
PID         : 10819
Node.js     : v8.6.0
Total.js    : v2.8.1
OS          : linux 4.4.0-92-generic
====================================================
Name        : Wiki
Version     : 1.0.0
Author      : Peter Širka
Date        : 2017-10-03 21:50:49
Mode        : debug
====================================================

http://0.0.0.0:8096/

--- UPD --- [ 2017-10-03 21:53:26 ] ---------------------------------> /definitions/markdown.js
{}
{}
--- UPD --- [ 2017-10-03 21:53:46 ] ---------------------------------> /definitions/markdown.js
undefined undefined
undefined undefined
